<?xml version="1.0" encoding="UTF-8"?>
<testsuite xmlns:xsi="http://www.w3.org/2001/XMLSchema-instance" xsi:noNamespaceSchemaLocation="https://maven.apache.org/surefire/maven-surefire-plugin/xsd/surefire-test-report.xsd" name="io.azpect.logger.AzpectLoggerApplicationTests" time="12.268" tests="1" errors="1" skipped="0" failures="0">
  <properties>
    <property name="gopherProxySet" value="false"/>
    <property name="awt.toolkit" value="sun.lwawt.macosx.LWCToolkit"/>
    <property name="file.encoding.pkg" value="sun.io"/>
    <property name="java.specification.version" value="1.8"/>
    <property name="sun.cpu.isalist" value=""/>
    <property name="sun.jnu.encoding" value="UTF-8"/>
    <property name="java.class.path" value="/Users/felipecavalieri/Documents/projects/azpecLogger/target/test-classes:/Users/felipecavalieri/Documents/projects/azpecLogger/target/classes:/Users/felipecavalieri/.m2/repository/org/springframework/boot/spring-boot-starter-web/2.2.1.RELEASE/spring-boot-starter-web-2.2.1.RELEASE.jar:/Users/felipecavalieri/.m2/repository/org/springframework/boot/spring-boot-starter/2.2.1.RELEASE/spring-boot-starter-2.2.1.RELEASE.jar:/Users/felipecavalieri/.m2/repository/org/springframework/boot/spring-boot/2.2.1.RELEASE/spring-boot-2.2.1.RELEASE.jar:/Users/felipecavalieri/.m2/repository/org/springframework/boot/spring-boot-autoconfigure/2.2.1.RELEASE/spring-boot-autoconfigure-2.2.1.RELEASE.jar:/Users/felipecavalieri/.m2/repository/org/springframework/boot/spring-boot-starter-logging/2.2.1.RELEASE/spring-boot-starter-logging-2.2.1.RELEASE.jar:/Users/felipecavalieri/.m2/repository/ch/qos/logback/logback-classic/1.2.3/logback-classic-1.2.3.jar:/Users/felipecavalieri/.m2/repository/ch/qos/logback/logback-core/1.2.3/logback-core-1.2.3.jar:/Users/felipecavalieri/.m2/repository/org/apache/logging/log4j/log4j-to-slf4j/2.12.1/log4j-to-slf4j-2.12.1.jar:/Users/felipecavalieri/.m2/repository/org/apache/logging/log4j/log4j-api/2.12.1/log4j-api-2.12.1.jar:/Users/felipecavalieri/.m2/repository/org/slf4j/jul-to-slf4j/1.7.29/jul-to-slf4j-1.7.29.jar:/Users/felipecavalieri/.m2/repository/jakarta/annotation/jakarta.annotation-api/1.3.5/jakarta.annotation-api-1.3.5.jar:/Users/felipecavalieri/.m2/repository/org/yaml/snakeyaml/1.25/snakeyaml-1.25.jar:/Users/felipecavalieri/.m2/repository/org/springframework/boot/spring-boot-starter-json/2.2.1.RELEASE/spring-boot-starter-json-2.2.1.RELEASE.jar:/Users/felipecavalieri/.m2/repository/com/fasterxml/jackson/datatype/jackson-datatype-jdk8/2.10.0/jackson-datatype-jdk8-2.10.0.jar:/Users/felipecavalieri/.m2/repository/com/fasterxml/jackson/datatype/jackson-datatype-jsr310/2.10.0/jackson-datatype-jsr310-2.10.0.jar:/Users/felipecavalieri/.m2/repository/com/fasterxml/jackson/module/jackson-module-parameter-names/2.10.0/jackson-module-parameter-names-2.10.0.jar:/Users/felipecavalieri/.m2/repository/org/springframework/boot/spring-boot-starter-tomcat/2.2.1.RELEASE/spring-boot-starter-tomcat-2.2.1.RELEASE.jar:/Users/felipecavalieri/.m2/repository/org/apache/tomcat/embed/tomcat-embed-core/9.0.27/tomcat-embed-core-9.0.27.jar:/Users/felipecavalieri/.m2/repository/org/apache/tomcat/embed/tomcat-embed-el/9.0.27/tomcat-embed-el-9.0.27.jar:/Users/felipecavalieri/.m2/repository/org/apache/tomcat/embed/tomcat-embed-websocket/9.0.27/tomcat-embed-websocket-9.0.27.jar:/Users/felipecavalieri/.m2/repository/org/springframework/boot/spring-boot-starter-validation/2.2.1.RELEASE/spring-boot-starter-validation-2.2.1.RELEASE.jar:/Users/felipecavalieri/.m2/repository/jakarta/validation/jakarta.validation-api/2.0.1/jakarta.validation-api-2.0.1.jar:/Users/felipecavalieri/.m2/repository/org/hibernate/validator/hibernate-validator/6.0.18.Final/hibernate-validator-6.0.18.Final.jar:/Users/felipecavalieri/.m2/repository/org/jboss/logging/jboss-logging/3.4.1.Final/jboss-logging-3.4.1.Final.jar:/Users/felipecavalieri/.m2/repository/com/fasterxml/classmate/1.5.1/classmate-1.5.1.jar:/Users/felipecavalieri/.m2/repository/org/springframework/spring-web/5.2.1.RELEASE/spring-web-5.2.1.RELEASE.jar:/Users/felipecavalieri/.m2/repository/org/springframework/spring-beans/5.2.1.RELEASE/spring-beans-5.2.1.RELEASE.jar:/Users/felipecavalieri/.m2/repository/org/springframework/spring-webmvc/5.2.1.RELEASE/spring-webmvc-5.2.1.RELEASE.jar:/Users/felipecavalieri/.m2/repository/org/springframework/spring-context/5.2.1.RELEASE/spring-context-5.2.1.RELEASE.jar:/Users/felipecavalieri/.m2/repository/org/springframework/spring-expression/5.2.1.RELEASE/spring-expression-5.2.1.RELEASE.jar:/Users/felipecavalieri/.m2/repository/org/springframework/boot/spring-boot-starter-aop/2.2.1.RELEASE/spring-boot-starter-aop-2.2.1.RELEASE.jar:/Users/felipecavalieri/.m2/repository/org/springframework/spring-aop/5.2.1.RELEASE/spring-aop-5.2.1.RELEASE.jar:/Users/felipecavalieri/.m2/repository/org/aspectj/aspectjweaver/1.9.4/aspectjweaver-1.9.4.jar:/Users/felipecavalieri/.m2/repository/org/springframework/boot/spring-boot-starter-test/2.2.1.RELEASE/spring-boot-starter-test-2.2.1.RELEASE.jar:/Users/felipecavalieri/.m2/repository/org/springframework/boot/spring-boot-test/2.2.1.RELEASE/spring-boot-test-2.2.1.RELEASE.jar:/Users/felipecavalieri/.m2/repository/org/springframework/boot/spring-boot-test-autoconfigure/2.2.1.RELEASE/spring-boot-test-autoconfigure-2.2.1.RELEASE.jar:/Users/felipecavalieri/.m2/repository/com/jayway/jsonpath/json-path/2.4.0/json-path-2.4.0.jar:/Users/felipecavalieri/.m2/repository/net/minidev/json-smart/2.3/json-smart-2.3.jar:/Users/felipecavalieri/.m2/repository/net/minidev/accessors-smart/1.2/accessors-smart-1.2.jar:/Users/felipecavalieri/.m2/repository/org/ow2/asm/asm/5.0.4/asm-5.0.4.jar:/Users/felipecavalieri/.m2/repository/org/slf4j/slf4j-api/1.7.29/slf4j-api-1.7.29.jar:/Users/felipecavalieri/.m2/repository/jakarta/xml/bind/jakarta.xml.bind-api/2.3.2/jakarta.xml.bind-api-2.3.2.jar:/Users/felipecavalieri/.m2/repository/jakarta/activation/jakarta.activation-api/1.2.1/jakarta.activation-api-1.2.1.jar:/Users/felipecavalieri/.m2/repository/org/junit/jupiter/junit-jupiter/5.5.2/junit-jupiter-5.5.2.jar:/Users/felipecavalieri/.m2/repository/org/junit/jupiter/junit-jupiter-api/5.5.2/junit-jupiter-api-5.5.2.jar:/Users/felipecavalieri/.m2/repository/org/opentest4j/opentest4j/1.2.0/opentest4j-1.2.0.jar:/Users/felipecavalieri/.m2/repository/org/junit/platform/junit-platform-commons/1.5.2/junit-platform-commons-1.5.2.jar:/Users/felipecavalieri/.m2/repository/org/junit/jupiter/junit-jupiter-params/5.5.2/junit-jupiter-params-5.5.2.jar:/Users/felipecavalieri/.m2/repository/org/junit/jupiter/junit-jupiter-engine/5.5.2/junit-jupiter-engine-5.5.2.jar:/Users/felipecavalieri/.m2/repository/org/junit/vintage/junit-vintage-engine/5.5.2/junit-vintage-engine-5.5.2.jar:/Users/felipecavalieri/.m2/repository/org/apiguardian/apiguardian-api/1.1.0/apiguardian-api-1.1.0.jar:/Users/felipecavalieri/.m2/repository/org/junit/platform/junit-platform-engine/1.5.2/junit-platform-engine-1.5.2.jar:/Users/felipecavalieri/.m2/repository/junit/junit/4.12/junit-4.12.jar:/Users/felipecavalieri/.m2/repository/org/mockito/mockito-junit-jupiter/3.1.0/mockito-junit-jupiter-3.1.0.jar:/Users/felipecavalieri/.m2/repository/org/assertj/assertj-core/3.13.2/assertj-core-3.13.2.jar:/Users/felipecavalieri/.m2/repository/org/hamcrest/hamcrest/2.1/hamcrest-2.1.jar:/Users/felipecavalieri/.m2/repository/org/mockito/mockito-core/3.1.0/mockito-core-3.1.0.jar:/Users/felipecavalieri/.m2/repository/net/bytebuddy/byte-buddy/1.10.2/byte-buddy-1.10.2.jar:/Users/felipecavalieri/.m2/repository/net/bytebuddy/byte-buddy-agent/1.10.2/byte-buddy-agent-1.10.2.jar:/Users/felipecavalieri/.m2/repository/org/objenesis/objenesis/2.6/objenesis-2.6.jar:/Users/felipecavalieri/.m2/repository/org/skyscreamer/jsonassert/1.5.0/jsonassert-1.5.0.jar:/Users/felipecavalieri/.m2/repository/com/vaadin/external/google/android-json/0.0.20131108.vaadin1/android-json-0.0.20131108.vaadin1.jar:/Users/felipecavalieri/.m2/repository/org/springframework/spring-core/5.2.1.RELEASE/spring-core-5.2.1.RELEASE.jar:/Users/felipecavalieri/.m2/repository/org/springframework/spring-jcl/5.2.1.RELEASE/spring-jcl-5.2.1.RELEASE.jar:/Users/felipecavalieri/.m2/repository/org/springframework/spring-test/5.2.1.RELEASE/spring-test-5.2.1.RELEASE.jar:/Users/felipecavalieri/.m2/repository/org/xmlunit/xmlunit-core/2.6.3/xmlunit-core-2.6.3.jar:/Users/felipecavalieri/.m2/repository/org/springframework/cloud/spring-cloud-starter-config/2.1.5.RELEASE/spring-cloud-starter-config-2.1.5.RELEASE.jar:/Users/felipecavalieri/.m2/repository/org/springframework/cloud/spring-cloud-starter/2.1.4.RELEASE/spring-cloud-starter-2.1.4.RELEASE.jar:/Users/felipecavalieri/.m2/repository/org/springframework/cloud/spring-cloud-context/2.1.4.RELEASE/spring-cloud-context-2.1.4.RELEASE.jar:/Users/felipecavalieri/.m2/repository/org/springframework/security/spring-security-rsa/1.0.7.RELEASE/spring-security-rsa-1.0.7.RELEASE.jar:/Users/felipecavalieri/.m2/repository/org/bouncycastle/bcpkix-jdk15on/1.60/bcpkix-jdk15on-1.60.jar:/Users/felipecavalieri/.m2/repository/org/bouncycastle/bcprov-jdk15on/1.60/bcprov-jdk15on-1.60.jar:/Users/felipecavalieri/.m2/repository/org/springframework/cloud/spring-cloud-config-client/2.1.5.RELEASE/spring-cloud-config-client-2.1.5.RELEASE.jar:/Users/felipecavalieri/.m2/repository/com/fasterxml/jackson/core/jackson-annotations/2.10.0/jackson-annotations-2.10.0.jar:/Users/felipecavalieri/.m2/repository/com/fasterxml/jackson/core/jackson-databind/2.10.0/jackson-databind-2.10.0.jar:/Users/felipecavalieri/.m2/repository/com/fasterxml/jackson/core/jackson-core/2.10.0/jackson-core-2.10.0.jar:/Users/felipecavalieri/.m2/repository/org/springframework/cloud/spring-cloud-starter-openfeign/2.1.4.RELEASE/spring-cloud-starter-openfeign-2.1.4.RELEASE.jar:/Users/felipecavalieri/.m2/repository/org/springframework/cloud/spring-cloud-openfeign-core/2.1.4.RELEASE/spring-cloud-openfeign-core-2.1.4.RELEASE.jar:/Users/felipecavalieri/.m2/repository/org/springframework/cloud/spring-cloud-netflix-ribbon/2.1.4.RELEASE/spring-cloud-netflix-ribbon-2.1.4.RELEASE.jar:/Users/felipecavalieri/.m2/repository/org/springframework/cloud/spring-cloud-netflix-archaius/2.1.4.RELEASE/spring-cloud-netflix-archaius-2.1.4.RELEASE.jar:/Users/felipecavalieri/.m2/repository/io/github/openfeign/form/feign-form-spring/3.8.0/feign-form-spring-3.8.0.jar:/Users/felipecavalieri/.m2/repository/io/github/openfeign/form/feign-form/3.8.0/feign-form-3.8.0.jar:/Users/felipecavalieri/.m2/repository/commons-fileupload/commons-fileupload/1.4/commons-fileupload-1.4.jar:/Users/felipecavalieri/.m2/repository/commons-io/commons-io/2.2/commons-io-2.2.jar:/Users/felipecavalieri/.m2/repository/org/springframework/cloud/spring-cloud-commons/2.1.4.RELEASE/spring-cloud-commons-2.1.4.RELEASE.jar:/Users/felipecavalieri/.m2/repository/org/springframework/security/spring-security-crypto/5.2.1.RELEASE/spring-security-crypto-5.2.1.RELEASE.jar:/Users/felipecavalieri/.m2/repository/io/github/openfeign/feign-core/10.4.0/feign-core-10.4.0.jar:/Users/felipecavalieri/.m2/repository/io/github/openfeign/feign-slf4j/10.4.0/feign-slf4j-10.4.0.jar:/Users/felipecavalieri/.m2/repository/io/github/openfeign/feign-hystrix/10.4.0/feign-hystrix-10.4.0.jar:/Users/felipecavalieri/.m2/repository/com/netflix/archaius/archaius-core/0.7.6/archaius-core-0.7.6.jar:/Users/felipecavalieri/.m2/repository/com/google/code/findbugs/jsr305/3.0.1/jsr305-3.0.1.jar:/Users/felipecavalieri/.m2/repository/commons-configuration/commons-configuration/1.8/commons-configuration-1.8.jar:/Users/felipecavalieri/.m2/repository/commons-lang/commons-lang/2.6/commons-lang-2.6.jar:/Users/felipecavalieri/.m2/repository/com/google/guava/guava/16.0/guava-16.0.jar:/Users/felipecavalieri/.m2/repository/com/netflix/hystrix/hystrix-core/1.5.18/hystrix-core-1.5.18.jar:/Users/felipecavalieri/.m2/repository/io/reactivex/rxjava/1.3.8/rxjava-1.3.8.jar:/Users/felipecavalieri/.m2/repository/org/hdrhistogram/HdrHistogram/2.1.9/HdrHistogram-2.1.9.jar:"/>
    <property name="java.vm.vendor" value="Oracle Corporation"/>
    <property name="sun.arch.data.model" value="64"/>
    <property name="java.vendor.url" value="http://java.oracle.com/"/>
    <property name="user.timezone" value=""/>
    <property name="java.vm.specification.version" value="1.8"/>
    <property name="os.name" value="Mac OS X"/>
    <property name="user.country" value="BR"/>
    <property name="sun.java.launcher" value="SUN_STANDARD"/>
    <property name="sun.boot.library.path" value="/Library/Java/JavaVirtualMachines/jdk1.8.0_181.jdk/Contents/Home/jre/lib"/>
    <property name="sun.java.command" value="/Users/felipecavalieri/Documents/projects/azpecLogger/target/surefire/surefirebooter4298925516533301533.jar /Users/felipecavalieri/Documents/projects/azpecLogger/target/surefire 2019-12-01T18-10-09_317-jvmRun1 surefire4852167246501205919tmp surefire_01447982786541083700tmp"/>
    <property name="surefire.test.class.path" value="/Users/felipecavalieri/Documents/projects/azpecLogger/target/test-classes:/Users/felipecavalieri/Documents/projects/azpecLogger/target/classes:/Users/felipecavalieri/.m2/repository/org/springframework/boot/spring-boot-starter-web/2.2.1.RELEASE/spring-boot-starter-web-2.2.1.RELEASE.jar:/Users/felipecavalieri/.m2/repository/org/springframework/boot/spring-boot-starter/2.2.1.RELEASE/spring-boot-starter-2.2.1.RELEASE.jar:/Users/felipecavalieri/.m2/repository/org/springframework/boot/spring-boot/2.2.1.RELEASE/spring-boot-2.2.1.RELEASE.jar:/Users/felipecavalieri/.m2/repository/org/springframework/boot/spring-boot-autoconfigure/2.2.1.RELEASE/spring-boot-autoconfigure-2.2.1.RELEASE.jar:/Users/felipecavalieri/.m2/repository/org/springframework/boot/spring-boot-starter-logging/2.2.1.RELEASE/spring-boot-starter-logging-2.2.1.RELEASE.jar:/Users/felipecavalieri/.m2/repository/ch/qos/logback/logback-classic/1.2.3/logback-classic-1.2.3.jar:/Users/felipecavalieri/.m2/repository/ch/qos/logback/logback-core/1.2.3/logback-core-1.2.3.jar:/Users/felipecavalieri/.m2/repository/org/apache/logging/log4j/log4j-to-slf4j/2.12.1/log4j-to-slf4j-2.12.1.jar:/Users/felipecavalieri/.m2/repository/org/apache/logging/log4j/log4j-api/2.12.1/log4j-api-2.12.1.jar:/Users/felipecavalieri/.m2/repository/org/slf4j/jul-to-slf4j/1.7.29/jul-to-slf4j-1.7.29.jar:/Users/felipecavalieri/.m2/repository/jakarta/annotation/jakarta.annotation-api/1.3.5/jakarta.annotation-api-1.3.5.jar:/Users/felipecavalieri/.m2/repository/org/yaml/snakeyaml/1.25/snakeyaml-1.25.jar:/Users/felipecavalieri/.m2/repository/org/springframework/boot/spring-boot-starter-json/2.2.1.RELEASE/spring-boot-starter-json-2.2.1.RELEASE.jar:/Users/felipecavalieri/.m2/repository/com/fasterxml/jackson/datatype/jackson-datatype-jdk8/2.10.0/jackson-datatype-jdk8-2.10.0.jar:/Users/felipecavalieri/.m2/repository/com/fasterxml/jackson/datatype/jackson-datatype-jsr310/2.10.0/jackson-datatype-jsr310-2.10.0.jar:/Users/felipecavalieri/.m2/repository/com/fasterxml/jackson/module/jackson-module-parameter-names/2.10.0/jackson-module-parameter-names-2.10.0.jar:/Users/felipecavalieri/.m2/repository/org/springframework/boot/spring-boot-starter-tomcat/2.2.1.RELEASE/spring-boot-starter-tomcat-2.2.1.RELEASE.jar:/Users/felipecavalieri/.m2/repository/org/apache/tomcat/embed/tomcat-embed-core/9.0.27/tomcat-embed-core-9.0.27.jar:/Users/felipecavalieri/.m2/repository/org/apache/tomcat/embed/tomcat-embed-el/9.0.27/tomcat-embed-el-9.0.27.jar:/Users/felipecavalieri/.m2/repository/org/apache/tomcat/embed/tomcat-embed-websocket/9.0.27/tomcat-embed-websocket-9.0.27.jar:/Users/felipecavalieri/.m2/repository/org/springframework/boot/spring-boot-starter-validation/2.2.1.RELEASE/spring-boot-starter-validation-2.2.1.RELEASE.jar:/Users/felipecavalieri/.m2/repository/jakarta/validation/jakarta.validation-api/2.0.1/jakarta.validation-api-2.0.1.jar:/Users/felipecavalieri/.m2/repository/org/hibernate/validator/hibernate-validator/6.0.18.Final/hibernate-validator-6.0.18.Final.jar:/Users/felipecavalieri/.m2/repository/org/jboss/logging/jboss-logging/3.4.1.Final/jboss-logging-3.4.1.Final.jar:/Users/felipecavalieri/.m2/repository/com/fasterxml/classmate/1.5.1/classmate-1.5.1.jar:/Users/felipecavalieri/.m2/repository/org/springframework/spring-web/5.2.1.RELEASE/spring-web-5.2.1.RELEASE.jar:/Users/felipecavalieri/.m2/repository/org/springframework/spring-beans/5.2.1.RELEASE/spring-beans-5.2.1.RELEASE.jar:/Users/felipecavalieri/.m2/repository/org/springframework/spring-webmvc/5.2.1.RELEASE/spring-webmvc-5.2.1.RELEASE.jar:/Users/felipecavalieri/.m2/repository/org/springframework/spring-context/5.2.1.RELEASE/spring-context-5.2.1.RELEASE.jar:/Users/felipecavalieri/.m2/repository/org/springframework/spring-expression/5.2.1.RELEASE/spring-expression-5.2.1.RELEASE.jar:/Users/felipecavalieri/.m2/repository/org/springframework/boot/spring-boot-starter-aop/2.2.1.RELEASE/spring-boot-starter-aop-2.2.1.RELEASE.jar:/Users/felipecavalieri/.m2/repository/org/springframework/spring-aop/5.2.1.RELEASE/spring-aop-5.2.1.RELEASE.jar:/Users/felipecavalieri/.m2/repository/org/aspectj/aspectjweaver/1.9.4/aspectjweaver-1.9.4.jar:/Users/felipecavalieri/.m2/repository/org/springframework/boot/spring-boot-starter-test/2.2.1.RELEASE/spring-boot-starter-test-2.2.1.RELEASE.jar:/Users/felipecavalieri/.m2/repository/org/springframework/boot/spring-boot-test/2.2.1.RELEASE/spring-boot-test-2.2.1.RELEASE.jar:/Users/felipecavalieri/.m2/repository/org/springframework/boot/spring-boot-test-autoconfigure/2.2.1.RELEASE/spring-boot-test-autoconfigure-2.2.1.RELEASE.jar:/Users/felipecavalieri/.m2/repository/com/jayway/jsonpath/json-path/2.4.0/json-path-2.4.0.jar:/Users/felipecavalieri/.m2/repository/net/minidev/json-smart/2.3/json-smart-2.3.jar:/Users/felipecavalieri/.m2/repository/net/minidev/accessors-smart/1.2/accessors-smart-1.2.jar:/Users/felipecavalieri/.m2/repository/org/ow2/asm/asm/5.0.4/asm-5.0.4.jar:/Users/felipecavalieri/.m2/repository/org/slf4j/slf4j-api/1.7.29/slf4j-api-1.7.29.jar:/Users/felipecavalieri/.m2/repository/jakarta/xml/bind/jakarta.xml.bind-api/2.3.2/jakarta.xml.bind-api-2.3.2.jar:/Users/felipecavalieri/.m2/repository/jakarta/activation/jakarta.activation-api/1.2.1/jakarta.activation-api-1.2.1.jar:/Users/felipecavalieri/.m2/repository/org/junit/jupiter/junit-jupiter/5.5.2/junit-jupiter-5.5.2.jar:/Users/felipecavalieri/.m2/repository/org/junit/jupiter/junit-jupiter-api/5.5.2/junit-jupiter-api-5.5.2.jar:/Users/felipecavalieri/.m2/repository/org/opentest4j/opentest4j/1.2.0/opentest4j-1.2.0.jar:/Users/felipecavalieri/.m2/repository/org/junit/platform/junit-platform-commons/1.5.2/junit-platform-commons-1.5.2.jar:/Users/felipecavalieri/.m2/repository/org/junit/jupiter/junit-jupiter-params/5.5.2/junit-jupiter-params-5.5.2.jar:/Users/felipecavalieri/.m2/repository/org/junit/jupiter/junit-jupiter-engine/5.5.2/junit-jupiter-engine-5.5.2.jar:/Users/felipecavalieri/.m2/repository/org/junit/vintage/junit-vintage-engine/5.5.2/junit-vintage-engine-5.5.2.jar:/Users/felipecavalieri/.m2/repository/org/apiguardian/apiguardian-api/1.1.0/apiguardian-api-1.1.0.jar:/Users/felipecavalieri/.m2/repository/org/junit/platform/junit-platform-engine/1.5.2/junit-platform-engine-1.5.2.jar:/Users/felipecavalieri/.m2/repository/junit/junit/4.12/junit-4.12.jar:/Users/felipecavalieri/.m2/repository/org/mockito/mockito-junit-jupiter/3.1.0/mockito-junit-jupiter-3.1.0.jar:/Users/felipecavalieri/.m2/repository/org/assertj/assertj-core/3.13.2/assertj-core-3.13.2.jar:/Users/felipecavalieri/.m2/repository/org/hamcrest/hamcrest/2.1/hamcrest-2.1.jar:/Users/felipecavalieri/.m2/repository/org/mockito/mockito-core/3.1.0/mockito-core-3.1.0.jar:/Users/felipecavalieri/.m2/repository/net/bytebuddy/byte-buddy/1.10.2/byte-buddy-1.10.2.jar:/Users/felipecavalieri/.m2/repository/net/bytebuddy/byte-buddy-agent/1.10.2/byte-buddy-agent-1.10.2.jar:/Users/felipecavalieri/.m2/repository/org/objenesis/objenesis/2.6/objenesis-2.6.jar:/Users/felipecavalieri/.m2/repository/org/skyscreamer/jsonassert/1.5.0/jsonassert-1.5.0.jar:/Users/felipecavalieri/.m2/repository/com/vaadin/external/google/android-json/0.0.20131108.vaadin1/android-json-0.0.20131108.vaadin1.jar:/Users/felipecavalieri/.m2/repository/org/springframework/spring-core/5.2.1.RELEASE/spring-core-5.2.1.RELEASE.jar:/Users/felipecavalieri/.m2/repository/org/springframework/spring-jcl/5.2.1.RELEASE/spring-jcl-5.2.1.RELEASE.jar:/Users/felipecavalieri/.m2/repository/org/springframework/spring-test/5.2.1.RELEASE/spring-test-5.2.1.RELEASE.jar:/Users/felipecavalieri/.m2/repository/org/xmlunit/xmlunit-core/2.6.3/xmlunit-core-2.6.3.jar:/Users/felipecavalieri/.m2/repository/org/springframework/cloud/spring-cloud-starter-config/2.1.5.RELEASE/spring-cloud-starter-config-2.1.5.RELEASE.jar:/Users/felipecavalieri/.m2/repository/org/springframework/cloud/spring-cloud-starter/2.1.4.RELEASE/spring-cloud-starter-2.1.4.RELEASE.jar:/Users/felipecavalieri/.m2/repository/org/springframework/cloud/spring-cloud-context/2.1.4.RELEASE/spring-cloud-context-2.1.4.RELEASE.jar:/Users/felipecavalieri/.m2/repository/org/springframework/security/spring-security-rsa/1.0.7.RELEASE/spring-security-rsa-1.0.7.RELEASE.jar:/Users/felipecavalieri/.m2/repository/org/bouncycastle/bcpkix-jdk15on/1.60/bcpkix-jdk15on-1.60.jar:/Users/felipecavalieri/.m2/repository/org/bouncycastle/bcprov-jdk15on/1.60/bcprov-jdk15on-1.60.jar:/Users/felipecavalieri/.m2/repository/org/springframework/cloud/spring-cloud-config-client/2.1.5.RELEASE/spring-cloud-config-client-2.1.5.RELEASE.jar:/Users/felipecavalieri/.m2/repository/com/fasterxml/jackson/core/jackson-annotations/2.10.0/jackson-annotations-2.10.0.jar:/Users/felipecavalieri/.m2/repository/com/fasterxml/jackson/core/jackson-databind/2.10.0/jackson-databind-2.10.0.jar:/Users/felipecavalieri/.m2/repository/com/fasterxml/jackson/core/jackson-core/2.10.0/jackson-core-2.10.0.jar:/Users/felipecavalieri/.m2/repository/org/springframework/cloud/spring-cloud-starter-openfeign/2.1.4.RELEASE/spring-cloud-starter-openfeign-2.1.4.RELEASE.jar:/Users/felipecavalieri/.m2/repository/org/springframework/cloud/spring-cloud-openfeign-core/2.1.4.RELEASE/spring-cloud-openfeign-core-2.1.4.RELEASE.jar:/Users/felipecavalieri/.m2/repository/org/springframework/cloud/spring-cloud-netflix-ribbon/2.1.4.RELEASE/spring-cloud-netflix-ribbon-2.1.4.RELEASE.jar:/Users/felipecavalieri/.m2/repository/org/springframework/cloud/spring-cloud-netflix-archaius/2.1.4.RELEASE/spring-cloud-netflix-archaius-2.1.4.RELEASE.jar:/Users/felipecavalieri/.m2/repository/io/github/openfeign/form/feign-form-spring/3.8.0/feign-form-spring-3.8.0.jar:/Users/felipecavalieri/.m2/repository/io/github/openfeign/form/feign-form/3.8.0/feign-form-3.8.0.jar:/Users/felipecavalieri/.m2/repository/commons-fileupload/commons-fileupload/1.4/commons-fileupload-1.4.jar:/Users/felipecavalieri/.m2/repository/commons-io/commons-io/2.2/commons-io-2.2.jar:/Users/felipecavalieri/.m2/repository/org/springframework/cloud/spring-cloud-commons/2.1.4.RELEASE/spring-cloud-commons-2.1.4.RELEASE.jar:/Users/felipecavalieri/.m2/repository/org/springframework/security/spring-security-crypto/5.2.1.RELEASE/spring-security-crypto-5.2.1.RELEASE.jar:/Users/felipecavalieri/.m2/repository/io/github/openfeign/feign-core/10.4.0/feign-core-10.4.0.jar:/Users/felipecavalieri/.m2/repository/io/github/openfeign/feign-slf4j/10.4.0/feign-slf4j-10.4.0.jar:/Users/felipecavalieri/.m2/repository/io/github/openfeign/feign-hystrix/10.4.0/feign-hystrix-10.4.0.jar:/Users/felipecavalieri/.m2/repository/com/netflix/archaius/archaius-core/0.7.6/archaius-core-0.7.6.jar:/Users/felipecavalieri/.m2/repository/com/google/code/findbugs/jsr305/3.0.1/jsr305-3.0.1.jar:/Users/felipecavalieri/.m2/repository/commons-configuration/commons-configuration/1.8/commons-configuration-1.8.jar:/Users/felipecavalieri/.m2/repository/commons-lang/commons-lang/2.6/commons-lang-2.6.jar:/Users/felipecavalieri/.m2/repository/com/google/guava/guava/16.0/guava-16.0.jar:/Users/felipecavalieri/.m2/repository/com/netflix/hystrix/hystrix-core/1.5.18/hystrix-core-1.5.18.jar:/Users/felipecavalieri/.m2/repository/io/reactivex/rxjava/1.3.8/rxjava-1.3.8.jar:/Users/felipecavalieri/.m2/repository/org/hdrhistogram/HdrHistogram/2.1.9/HdrHistogram-2.1.9.jar:"/>
    <property name="sun.cpu.endian" value="little"/>
    <property name="user.home" value="/Users/felipecavalieri"/>
    <property name="user.language" value="pt"/>
    <property name="java.specification.vendor" value="Oracle Corporation"/>
    <property name="java.home" value="/Library/Java/JavaVirtualMachines/jdk1.8.0_181.jdk/Contents/Home/jre"/>
    <property name="basedir" value="/Users/felipecavalieri/Documents/projects/azpecLogger"/>
    <property name="style.color" value="always"/>
    <property name="file.separator" value="/"/>
    <property name="line.separator" value="&#10;"/>
    <property name="java.vm.specification.vendor" value="Oracle Corporation"/>
    <property name="java.specification.name" value="Java Platform API Specification"/>
    <property name="java.awt.graphicsenv" value="sun.awt.CGraphicsEnvironment"/>
    <property name="surefire.real.class.path" value="/Users/felipecavalieri/Documents/projects/azpecLogger/target/surefire/surefirebooter4298925516533301533.jar"/>
    <property name="sun.boot.class.path" value="/Library/Java/JavaVirtualMachines/jdk1.8.0_181.jdk/Contents/Home/jre/lib/resources.jar:/Library/Java/JavaVirtualMachines/jdk1.8.0_181.jdk/Contents/Home/jre/lib/rt.jar:/Library/Java/JavaVirtualMachines/jdk1.8.0_181.jdk/Contents/Home/jre/lib/sunrsasign.jar:/Library/Java/JavaVirtualMachines/jdk1.8.0_181.jdk/Contents/Home/jre/lib/jsse.jar:/Library/Java/JavaVirtualMachines/jdk1.8.0_181.jdk/Contents/Home/jre/lib/jce.jar:/Library/Java/JavaVirtualMachines/jdk1.8.0_181.jdk/Contents/Home/jre/lib/charsets.jar:/Library/Java/JavaVirtualMachines/jdk1.8.0_181.jdk/Contents/Home/jre/lib/jfr.jar:/Library/Java/JavaVirtualMachines/jdk1.8.0_181.jdk/Contents/Home/jre/classes"/>
    <property name="sun.management.compiler" value="HotSpot 64-Bit Tiered Compilers"/>
    <property name="java.runtime.version" value="1.8.0_181-b13"/>
    <property name="user.name" value="felipecavalieri"/>
    <property name="path.separator" value=":"/>
    <property name="os.version" value="10.15.1"/>
    <property name="java.endorsed.dirs" value="/Library/Java/JavaVirtualMachines/jdk1.8.0_181.jdk/Contents/Home/jre/lib/endorsed"/>
    <property name="java.runtime.name" value="Java(TM) SE Runtime Environment"/>
    <property name="file.encoding" value="UTF-8"/>
    <property name="java.vm.name" value="Java HotSpot(TM) 64-Bit Server VM"/>
    <property name="localRepository" value="/Users/felipecavalieri/.m2/repository"/>
    <property name="java.vendor.url.bug" value="http://bugreport.sun.com/bugreport/"/>
    <property name="java.io.tmpdir" value="/var/folders/c1/90wkw49n73jbrkhmwg656x2m0000gn/T/"/>
    <property name="java.version" value="1.8.0_181"/>
    <property name="user.dir" value="/Users/felipecavalieri/Documents/projects/azpecLogger"/>
    <property name="os.arch" value="x86_64"/>
    <property name="java.vm.specification.name" value="Java Virtual Machine Specification"/>
    <property name="java.awt.printerjob" value="sun.lwawt.macosx.CPrinterJob"/>
    <property name="sun.os.patch.level" value="unknown"/>
    <property name="java.library.path" value="/Users/felipecavalieri/Library/Java/Extensions:/Library/Java/Extensions:/Network/Library/Java/Extensions:/System/Library/Java/Extensions:/usr/lib/java:."/>
    <property name="java.vm.info" value="mixed mode"/>
    <property name="java.vendor" value="Oracle Corporation"/>
    <property name="java.vm.version" value="25.181-b13"/>
    <property name="java.ext.dirs" value="/Users/felipecavalieri/Library/Java/Extensions:/Library/Java/JavaVirtualMachines/jdk1.8.0_181.jdk/Contents/Home/jre/lib/ext:/Library/Java/Extensions:/Network/Library/Java/Extensions:/System/Library/Java/Extensions:/usr/lib/java"/>
    <property name="sun.io.unicode.encoding" value="UnicodeBig"/>
    <property name="java.class.version" value="52.0"/>
  </properties>
  <testcase name="contextLoads" classname="io.azpect.logger.AzpectLoggerApplicationTests" time="0.017">
    <error message="Failed to load ApplicationContext" type="java.lang.IllegalStateException">java.lang.IllegalStateException: Failed to load ApplicationContext
Caused by: org.springframework.beans.factory.BeanCreationException: Error creating bean with name 'org.springframework.cloud.autoconfigure.ConfigurationPropertiesRebinderAutoConfiguration': Initialization of bean failed; nested exception is java.lang.IllegalArgumentException: error at ::0 can't find referenced pointcut allMethods
Caused by: java.lang.IllegalArgumentException: error at ::0 can't find referenced pointcut allMethods
</error>
    <system-out><![CDATA[18:10:15.160 [main] DEBUG org.springframework.test.context.BootstrapUtils - Instantiating CacheAwareContextLoaderDelegate from class [org.springframework.test.context.cache.DefaultCacheAwareContextLoaderDelegate]
18:10:15.177 [main] DEBUG org.springframework.test.context.BootstrapUtils - Instantiating BootstrapContext using constructor [public org.springframework.test.context.support.DefaultBootstrapContext(java.lang.Class,org.springframework.test.context.CacheAwareContextLoaderDelegate)]
18:10:15.206 [main] DEBUG org.springframework.test.context.BootstrapUtils - Instantiating TestContextBootstrapper for test class [io.azpect.logger.AzpectLoggerApplicationTests] from class [org.springframework.boot.test.context.SpringBootTestContextBootstrapper]
18:10:15.219 [main] INFO org.springframework.boot.test.context.SpringBootTestContextBootstrapper - Neither @ContextConfiguration nor @ContextHierarchy found for test class [io.azpect.logger.AzpectLoggerApplicationTests], using SpringBootContextLoader
18:10:15.223 [main] DEBUG org.springframework.test.context.support.AbstractContextLoader - Did not detect default resource location for test class [io.azpect.logger.AzpectLoggerApplicationTests]: class path resource [io/azpect/logger/AzpectLoggerApplicationTests-context.xml] does not exist
18:10:15.224 [main] DEBUG org.springframework.test.context.support.AbstractContextLoader - Did not detect default resource location for test class [io.azpect.logger.AzpectLoggerApplicationTests]: class path resource [io/azpect/logger/AzpectLoggerApplicationTestsContext.groovy] does not exist
18:10:15.227 [main] INFO org.springframework.test.context.support.AbstractContextLoader - Could not detect default resource locations for test class [io.azpect.logger.AzpectLoggerApplicationTests]: no resource found for suffixes {-context.xml, Context.groovy}.
18:10:15.228 [main] INFO org.springframework.test.context.support.AnnotationConfigContextLoaderUtils - Could not detect default configuration classes for test class [io.azpect.logger.AzpectLoggerApplicationTests]: AzpectLoggerApplicationTests does not declare any static, non-private, non-final, nested classes annotated with @Configuration.
18:10:15.270 [main] DEBUG org.springframework.test.context.support.ActiveProfilesUtils - Could not find an 'annotation declaring class' for annotation type [org.springframework.test.context.ActiveProfiles] and class [io.azpect.logger.AzpectLoggerApplicationTests]
18:10:15.401 [main] DEBUG org.springframework.context.annotation.ClassPathScanningCandidateComponentProvider - Identified candidate component class: file [/Users/felipecavalieri/Documents/projects/azpecLogger/target/classes/io/azpect/logger/AzpectLoggerApplication.class]
18:10:15.403 [main] INFO org.springframework.boot.test.context.SpringBootTestContextBootstrapper - Found @SpringBootConfiguration io.azpect.logger.AzpectLoggerApplication for test class io.azpect.logger.AzpectLoggerApplicationTests
18:10:15.511 [main] DEBUG org.springframework.boot.test.context.SpringBootTestContextBootstrapper - @TestExecutionListeners is not present for class [io.azpect.logger.AzpectLoggerApplicationTests]: using defaults.
18:10:15.512 [main] INFO org.springframework.boot.test.context.SpringBootTestContextBootstrapper - Loaded default TestExecutionListener class names from location [META-INF/spring.factories]: [org.springframework.boot.test.mock.mockito.MockitoTestExecutionListener, org.springframework.boot.test.mock.mockito.ResetMocksTestExecutionListener, org.springframework.boot.test.autoconfigure.restdocs.RestDocsTestExecutionListener, org.springframework.boot.test.autoconfigure.web.client.MockRestServiceServerResetTestExecutionListener, org.springframework.boot.test.autoconfigure.web.servlet.MockMvcPrintOnlyOnFailureTestExecutionListener, org.springframework.boot.test.autoconfigure.web.servlet.WebDriverTestExecutionListener, org.springframework.test.context.web.ServletTestExecutionListener, org.springframework.test.context.support.DirtiesContextBeforeModesTestExecutionListener, org.springframework.test.context.support.DependencyInjectionTestExecutionListener, org.springframework.test.context.support.DirtiesContextTestExecutionListener, org.springframework.test.context.transaction.TransactionalTestExecutionListener, org.springframework.test.context.jdbc.SqlScriptsTestExecutionListener, org.springframework.test.context.event.EventPublishingTestExecutionListener]
18:10:15.531 [main] DEBUG org.springframework.boot.test.context.SpringBootTestContextBootstrapper - Skipping candidate TestExecutionListener [org.springframework.test.context.transaction.TransactionalTestExecutionListener] due to a missing dependency. Specify custom listener classes or make the default listener classes and their required dependencies available. Offending class: [org/springframework/transaction/interceptor/TransactionAttributeSource]
18:10:15.532 [main] DEBUG org.springframework.boot.test.context.SpringBootTestContextBootstrapper - Skipping candidate TestExecutionListener [org.springframework.test.context.jdbc.SqlScriptsTestExecutionListener] due to a missing dependency. Specify custom listener classes or make the default listener classes and their required dependencies available. Offending class: [org/springframework/transaction/interceptor/TransactionAttribute]
18:10:15.532 [main] INFO org.springframework.boot.test.context.SpringBootTestContextBootstrapper - Using TestExecutionListeners: [org.springframework.test.context.web.ServletTestExecutionListener@548d708a, org.springframework.test.context.support.DirtiesContextBeforeModesTestExecutionListener@4b013c76, org.springframework.boot.test.mock.mockito.MockitoTestExecutionListener@53fb3dab, org.springframework.boot.test.autoconfigure.SpringBootDependencyInjectionTestExecutionListener@cb0755b, org.springframework.test.context.support.DirtiesContextTestExecutionListener@33065d67, org.springframework.test.context.event.EventPublishingTestExecutionListener@712625fd, org.springframework.boot.test.mock.mockito.ResetMocksTestExecutionListener@7bba5817, org.springframework.boot.test.autoconfigure.restdocs.RestDocsTestExecutionListener@742ff096, org.springframework.boot.test.autoconfigure.web.client.MockRestServiceServerResetTestExecutionListener@75437611, org.springframework.boot.test.autoconfigure.web.servlet.MockMvcPrintOnlyOnFailureTestExecutionListener@350aac89, org.springframework.boot.test.autoconfigure.web.servlet.WebDriverTestExecutionListener@1c5920df]
18:10:15.540 [main] DEBUG org.springframework.test.context.support.AbstractDirtiesContextTestExecutionListener - Before test class: context [DefaultTestContext@72cc7e6f testClass = AzpectLoggerApplicationTests, testInstance = [null], testMethod = [null], testException = [null], mergedContextConfiguration = [WebMergedContextConfiguration@5afa3c9 testClass = AzpectLoggerApplicationTests, locations = '{}', classes = '{class io.azpect.logger.AzpectLoggerApplication}', contextInitializerClasses = '[]', activeProfiles = '{}', propertySourceLocations = '{}', propertySourceProperties = '{org.springframework.boot.test.context.SpringBootTestContextBootstrapper=true}', contextCustomizers = set[org.springframework.boot.test.context.filter.ExcludeFilterContextCustomizer@44ebcd03, org.springframework.boot.test.json.DuplicateJsonObjectContextCustomizerFactory$DuplicateJsonObjectContextCustomizer@4567f35d, org.springframework.boot.test.mock.mockito.MockitoContextCustomizer@0, org.springframework.boot.test.web.client.TestRestTemplateContextCustomizer@37afeb11, org.springframework.boot.test.autoconfigure.properties.PropertyMappingContextCustomizer@0, org.springframework.boot.test.autoconfigure.web.servlet.WebDriverContextCustomizerFactory$Customizer@77847718], resourceBasePath = 'src/main/webapp', contextLoader = 'org.springframework.boot.test.context.SpringBootContextLoader', parent = [null]], attributes = map['org.springframework.test.context.web.ServletTestExecutionListener.activateListener' -> true]], class annotated with @DirtiesContext [false] with mode [null].
18:10:15.586 [main] DEBUG org.springframework.test.context.support.TestPropertySourceUtils - Adding inlined properties to environment: {spring.jmx.enabled=false, org.springframework.boot.test.context.SpringBootTestContextBootstrapper=true, server.port=-1}
2019-12-01 18:10:21.151  INFO 7695 --- [           main] trationDelegate$BeanPostProcessorChecker : Bean 'org.springframework.cloud.autoconfigure.ConfigurationPropertiesRebinderAutoConfiguration' of type [org.springframework.cloud.autoconfigure.ConfigurationPropertiesRebinderAutoConfiguration$$EnhancerBySpringCGLIB$$125e2956] is not eligible for getting processed by all BeanPostProcessors (for example: not eligible for auto-proxying)
]]></system-out>
  </testcase>
</testsuite>